<?xml version="1.0" encoding="UTF-8"?>
<!-- Generated by org.testng.reporters.JUnitXMLReporter -->
<testsuite ignored="0" hostname="DESKTOP-8GNLLIH" failures="0" tests="7" name="PostTest" time="5.049" errors="0" timestamp="2024-11-29T16:22:18 IST">
  <testcase classname="api.test.ContentPostTests" name="testCreateContent" time="2.985"/>
  <testcase classname="api.test.ContentPostTests" name="testReadllContent" time="0.253"/>
  <testcase classname="api.test.ContentPostTests" name="testupdateContent" time="0.148"/>
  <testcase classname="api.test.CommentOnPostTests" name="testCreateComment" time="0.647"/>
  <testcase classname="api.test.CommentOnPostTests" name="testCreateReplayComment" time="0.149"/>
  <testcase classname="api.test.CommentOnPostTests" name="testReadAllComment" time="0.15"/>
  <testcase classname="api.test.CommentOnPostTests" name="testDeleteComment" time="0.148"/>
</testsuite> <!-- PostTest -->
