<?xml version="1.0" encoding="UTF-8"?>
<testng-results ignored="0" total="1" passed="1" failed="0" skipped="0">
  <reporter-output>
  </reporter-output>
  <suite started-at="2024-11-18T20:44:02 IST" name="Default suite" finished-at="2024-11-18T20:44:05 IST" duration-ms="2240">
    <groups>
    </groups>
    <test started-at="2024-11-18T20:44:02 IST" name="Default test" finished-at="2024-11-18T20:44:05 IST" duration-ms="2240">
      <class name="api.test.FollowTests">
        <test-method signature="testGetFollow()[pri:0, instance:api.test.FollowTests@7d446ed1]" started-at="2024-11-18T20:44:03 IST" name="testGetFollow" finished-at="2024-11-18T20:44:05 IST" duration-ms="2177" status="PASS">
          <reporter-output>
          </reporter-output>
        </test-method> <!-- testGetFollow -->
      </class> <!-- api.test.FollowTests -->
    </test> <!-- Default test -->
  </suite> <!-- Default suite -->
</testng-results>
