<?xml version="1.0" encoding="UTF-8"?>
<testng-results ignored="0" total="1" passed="1" failed="0" skipped="0">
  <reporter-output>
  </reporter-output>
  <suite started-at="2024-11-12T19:39:17 IST" name="Default suite" finished-at="2024-11-12T19:39:17 IST" duration-ms="306">
    <groups>
    </groups>
    <test started-at="2024-11-12T19:39:17 IST" name="Default test" finished-at="2024-11-12T19:39:17 IST" duration-ms="306">
      <class name="apiautomation.FackerDemo">
        <test-method signature="testGenerateDummyData()[pri:0, instance:apiautomation.FackerDemo@49139829]" started-at="2024-11-12T19:39:17 IST" name="testGenerateDummyData" finished-at="2024-11-12T19:39:17 IST" duration-ms="246" status="PASS">
          <reporter-output>
          </reporter-output>
        </test-method> <!-- testGenerateDummyData -->
      </class> <!-- apiautomation.FackerDemo -->
    </test> <!-- Default test -->
  </suite> <!-- Default suite -->
</testng-results>
