<?xml version="1.0" encoding="UTF-8"?>
<!-- Generated by org.testng.reporters.JUnitXMLReporter -->
<testsuite ignored="0" hostname="DESKTOP-8GNLLIH" failures="0" tests="5" name="Default test" time="4.834" errors="0" timestamp="2024-11-29T11:03:36 IST">
  <testcase classname="api.test.ContentPostTests" name="testCreateContent" time="3.482"/>
  <testcase classname="api.test.ContentPostTests" name="testReadContent" time="0.241"/>
  <testcase classname="api.test.ContentPostTests" name="testReadllContent" time="0.161"/>
  <testcase classname="api.test.ContentPostTests" name="testupdateContent" time="0.144"/>
  <testcase classname="api.test.ContentPostTests" name="testDeleteContent" time="0.132"/>
</testsuite> <!-- Default test -->
